<?xml version="1.0" encoding="UTF-8"?>
<!-- Generated by org.testng.reporters.JUnitReportReporter -->
<testsuite hostname="MuhammadJaziem" failures="0" tests="4" name="api.test.UserTests2" time="10.510" errors="0" timestamp="2023-07-15T10:05:36 MYT" skipped="0">
  <testcase classname="api.test.UserTests2" name="testPostUser" time="3.257"/>
  <system-out/>
  <testcase classname="api.test.UserTests2" name="testGetUserByName" time="2.665"/>
  <system-out/>
  <testcase classname="api.test.UserTests2" name="testUpdateUserByName" time="3.061"/>
  <system-out/>
  <testcase classname="api.test.UserTests2" name="testDeleteUserByName" time="1.527"/>
  <system-out/>
</testsuite> <!-- api.test.UserTests2 -->
