<?xml version="1.0" encoding="UTF-8"?>
<!-- Generated by org.testng.reporters.JUnitReportReporter -->
<testsuite hostname="MuhammadJaziem" failures="0" tests="4" name="api.test.UserTests" time="8.088" errors="0" timestamp="2023-07-02T12:45:05 MYT" skipped="0">
  <testcase classname="api.test.UserTests" name="testPostUser" time="2.842"/>
  <system-out/>
  <testcase classname="api.test.UserTests" name="testGetUserByName" time="1.317"/>
  <system-out/>
  <testcase classname="api.test.UserTests" name="testUpdateUserByName" time="2.652"/>
  <system-out/>
  <testcase classname="api.test.UserTests" name="testDeleteUserByName" time="1.277"/>
  <system-out/>
</testsuite> <!-- api.test.UserTests -->
